
============================================================
  YNAI5 Price Alert Check — 2026-04-01 20:38
  CoinGecko: Demo key (30 req/min)
============================================================

  OPN      $0.1728       24h: -1.19%     [*** ALERT ***]
           >> $0.18 — DOWN - Accumulation zone reached

  BTC      $68254.0000   24h: +0.50%     [OK]

  ETH      $2139.5900    24h: +1.98%     [OK]

  SOL      $81.2000      24h: -2.08%     [OK]

  EIGEN    $0.1638       24h: -1.33%     [OK]

  PENGU    $0.0065       24h: +0.71%     [OK]

  BCH      $454.4500     24h: -2.10%     [*** ALERT ***]
           >> $450 — UP   - Recovery signal, re-evaluate

  BABY     $0.0146       24h: +2.78%     [OK]

============================================================
  PRICE ALERTS FIRED: 2
  OPN: $0.1728 — DOWN - Accumulation zone reached
  BCH: $454.4500 — UP   - Recovery signal, re-evaluate
============================================================


============================================================
  YNAI5 Price Alert Check — 2026-04-01 21:20
  CoinGecko: Demo key (30 req/min)
============================================================

  OPN      $0.1744       24h: -0.65%     [*** ALERT ***]
           >> $0.18 — DOWN - Accumulation zone reached

  BTC      $67526.0000   24h: -0.72%     [OK]

  ETH      $2120.2200    24h: +1.00%     [OK]

  SOL      $80.6000      24h: -3.11%     [OK]

  EIGEN    $0.1627       24h: -2.24%     [OK]

  PENGU    $0.0065       24h: -0.75%     [OK]

  BCH      $453.2000     24h: -2.29%     [*** ALERT ***]
           >> $450 — UP   - Recovery signal, re-evaluate

  BABY     $0.0147       24h: +3.54%     [OK]

============================================================
  PRICE ALERTS FIRED: 2
  OPN: $0.1744 — DOWN - Accumulation zone reached
  BCH: $453.2000 — UP   - Recovery signal, re-evaluate
============================================================


============================================================
  YNAI5 Price Alert Check — 2026-04-01 22:13
  CoinGecko: Demo key (30 req/min)
============================================================

  OPN      $0.1702       24h: -1.95%     [*** ALERT ***]
           >> $0.18 — DOWN - Accumulation zone reached

  BTC      $67125.0000   24h: -0.86%     [OK]

  ETH      $2089.5500    24h: +0.02%     [OK]

  SOL      $79.0900      24h: -4.43%     [OK]

  EIGEN    $0.1603       24h: -3.30%     [OK]

  PENGU    $0.0064       24h: -1.73%     [OK]

  BCH      $450.1700     24h: -2.28%     [*** ALERT ***]
           >> $450 — UP   - Recovery signal, re-evaluate

  BABY     $0.0147       24h: +4.10%     [OK]

============================================================
  PRICE ALERTS FIRED: 2
  OPN: $0.1702 — DOWN - Accumulation zone reached
  BCH: $450.1700 — UP   - Recovery signal, re-evaluate
============================================================


============================================================
  YNAI5 Price Alert Check — 2026-04-01 22:13
  CoinGecko: Demo key (30 req/min)
============================================================

  OPN      $0.1702       24h: -1.95%     [*** ALERT ***]
           >> $0.18 — DOWN - Accumulation zone reached

  BTC      $67125.0000   24h: -0.86%     [OK]

  ETH      $2089.5500    24h: +0.02%     [OK]

  SOL      $79.0900      24h: -4.43%     [OK]

  EIGEN    $0.1603       24h: -3.30%     [OK]

  PENGU    $0.0064       24h: -1.73%     [OK]

  BCH      $450.1700     24h: -2.28%     [*** ALERT ***]
           >> $450 — UP   - Recovery signal, re-evaluate

  BABY     $0.0147       24h: +4.10%     [OK]

============================================================
  PRICE ALERTS FIRED: 2
  OPN: $0.1702 — DOWN - Accumulation zone reached
  BCH: $450.1700 — UP   - Recovery signal, re-evaluate
============================================================

