
============================================================
  YNAI5 Price Alert Check — 2026-04-20 20:37
  CoinGecko: Demo key (30 req/min)
============================================================

  OPN      $0.1647       24h: +1.80%     [*** ALERT ***]
           >> $0.18 — DOWN - Accumulation zone reached

  BTC      $75950.0000   24h: +2.39%     [OK]

  ETH      $2317.9500    24h: +1.87%     [OK]

  SOL      $85.5400      24h: +2.01%     [OK]

  EIGEN    $0.1807       24h: +2.50%     [OK]

  PENGU    $0.0075       24h: +6.23%     [OK]

  BCH      $443.6300     24h: +1.21%     [OK]

  BABY     $0.0164       24h: +7.35%     [OK]

============================================================
  PRICE ALERTS FIRED: 1
  OPN: $0.1647 — DOWN - Accumulation zone reached
============================================================


============================================================
  YNAI5 Price Alert Check — 2026-04-20 20:42
  CoinGecko: Demo key (30 req/min)
============================================================

  OPN      $0.1643       24h: +1.24%     [*** ALERT ***]
           >> $0.18 — DOWN - Accumulation zone reached

  BTC      $75944.0000   24h: +2.36%     [OK]

  ETH      $2317.9200    24h: +1.81%     [OK]

  SOL      $85.5500      24h: +2.06%     [OK]

  EIGEN    $0.1810       24h: +2.67%     [OK]

  PENGU    $0.0075       24h: +6.52%     [OK]

  BCH      $443.4200     24h: +1.16%     [OK]

  BABY     $0.0163       24h: +7.08%     [OK]

============================================================
  PRICE ALERTS FIRED: 1
  OPN: $0.1643 — DOWN - Accumulation zone reached
============================================================


============================================================
  YNAI5 Price Alert Check — 2026-04-20 20:42
  CoinGecko: Demo key (30 req/min)
============================================================

  OPN      $0.1643       24h: +1.24%     [*** ALERT ***]
           >> $0.18 — DOWN - Accumulation zone reached

  BTC      $75944.0000   24h: +2.36%     [OK]

  ETH      $2317.9200    24h: +1.81%     [OK]

  SOL      $85.5500      24h: +2.06%     [OK]

  EIGEN    $0.1810       24h: +2.67%     [OK]

  PENGU    $0.0075       24h: +6.52%     [OK]

  BCH      $443.4200     24h: +1.16%     [OK]

  BABY     $0.0163       24h: +7.08%     [OK]

============================================================
  PRICE ALERTS FIRED: 1
  OPN: $0.1643 — DOWN - Accumulation zone reached
============================================================


============================================================
  YNAI5 Price Alert Check — 2026-04-20 22:00
  CoinGecko: Demo key (30 req/min)
============================================================

  OPN      $0.1657       24h: +1.40%     [*** ALERT ***]
           >> $0.18 — DOWN - Accumulation zone reached

  BTC      $75927.0000   24h: +1.75%     [OK]

  ETH      $2314.5500    24h: +1.20%     [OK]

  SOL      $85.4600      24h: +1.28%     [OK]

  EIGEN    $0.1797       24h: +1.33%     [OK]

  PENGU    $0.0076       24h: +7.09%     [OK]

  BCH      $443.8600     24h: +1.14%     [OK]

  BABY     $0.0163       24h: +5.81%     [OK]

============================================================
  PRICE ALERTS FIRED: 1
  OPN: $0.1657 — DOWN - Accumulation zone reached
============================================================

