
============================================================
  YNAI5 Price Alert Check — 2026-03-30 08:00
  CoinGecko: Demo key (30 req/min)
============================================================

  OPN      $0.2015       24h: +6.12%     [OK]

  BTC      $67590.0000   24h: +1.21%     [OK]

  ETH      $2067.6800    24h: +3.24%     [OK]

  SOL      $84.1800      24h: +1.94%     [OK]

  EIGEN    $0.1719       24h: +1.07%     [OK]

  PENGU    $0.0065       24h: +2.97%     [OK]

  BCH      $456.1300     24h: -5.40%     [*** ALERT ***]
           >> $450 — UP   - Recovery signal, re-evaluate

  BABY     $0.0132       24h: +3.79%     [OK]

============================================================
  PRICE ALERTS FIRED: 1
  BCH: $456.1300 — UP   - Recovery signal, re-evaluate
============================================================


============================================================
  YNAI5 Price Alert Check — 2026-03-30 22:00
  CoinGecko: Demo key (30 req/min)
============================================================

  OPN      $0.1915       24h: -6.42%     [OK]

  BTC      $67930.0000   24h: +1.94%     [OK]

  ETH      $2072.8300    24h: +3.08%     [OK]

  SOL      $83.7900      24h: +1.36%     [OK]

  EIGEN    $0.1651       24h: -3.39%     [OK]

  PENGU    $0.0065       24h: +1.90%     [OK]

  BCH      $466.6000     24h: +2.64%     [*** ALERT ***]
           >> $450 — UP   - Recovery signal, re-evaluate

  BABY     $0.0136       24h: +1.45%     [OK]

============================================================
  PRICE ALERTS FIRED: 1
  BCH: $466.6000 — UP   - Recovery signal, re-evaluate
============================================================


============================================================
  YNAI5 Price Alert Check — 2026-03-30 22:21
  CoinGecko: Demo key (30 req/min)
============================================================

  OPN      $0.1941       24h: -6.98%     [OK]

  BTC      $67978.0000   24h: +1.97%     [OK]

  ETH      $2077.3200    24h: +3.25%     [OK]

  SOL      $83.7900      24h: +1.26%     [OK]

  EIGEN    $0.1648       24h: -3.97%     [OK]

  PENGU    $0.0065       24h: +1.78%     [OK]

  BCH      $463.8800     24h: +1.73%     [*** ALERT ***]
           >> $450 — UP   - Recovery signal, re-evaluate

  BABY     $0.0137       24h: +2.62%     [OK]

============================================================
  PRICE ALERTS FIRED: 1
  BCH: $463.8800 — UP   - Recovery signal, re-evaluate
============================================================

