
============================================================
  YNAI5 Price Alert Check — 2026-03-22 04:01
  CoinGecko: Demo key (30 req/min)
============================================================

  OPN      $0.2704       24h: -2.84%     [OK]

  BTC      $68886.0000   24h: -2.55%     [OK]

  ETH      $2093.4800    24h: -2.85%     [OK]

  SOL      $87.7800      24h: -2.53%     [OK]

  EIGEN    $0.1929       24h: -3.65%     [OK]

  PENGU    $0.0068       24h: -3.92%     [OK]

  BCH      $464.9000     24h: -0.69%     [*** ALERT ***]
           >> $450 — UP   - Recovery signal, re-evaluate

  BABY     $0.0136       24h: +1.47%     [OK]

============================================================
  PRICE ALERTS FIRED: 1
  BCH: $464.9000 — UP   - Recovery signal, re-evaluate
============================================================


============================================================
  YNAI5 Price Alert Check — 2026-03-22 08:00
  CoinGecko: Demo key (30 req/min)
============================================================

  OPN      $0.2617       24h: -6.18%     [OK]

  BTC      $68211.0000   24h: -3.49%     [OK]

  ETH      $2069.6700    24h: -4.09%     [OK]

  SOL      $86.9900      24h: -3.25%     [OK]

  EIGEN    $0.1895       24h: -5.09%     [OK]

  PENGU    $0.0067       24h: -4.31%     [OK]

  BCH      $465.6900     24h: -0.39%     [*** ALERT ***]
           >> $450 — UP   - Recovery signal, re-evaluate

  BABY     $0.0135       24h: +1.55%     [OK]

============================================================
  PRICE ALERTS FIRED: 1
  BCH: $465.6900 — UP   - Recovery signal, re-evaluate
============================================================

