
============================================================
  YNAI5 Price Alert Check — 2026-04-16 10:51
  CoinGecko: Demo key (30 req/min)
============================================================

  OPN      $0.2010       24h: +23.75%    [BIG MOVE] !! EXTREME MOVE

  BTC      $74067.0000   24h: -0.09%     [OK]

  ETH      $2310.0900    24h: -1.14%     [OK]

  SOL      $85.2200      24h: +1.14%     [OK]

  EIGEN    $0.1875       24h: +11.44%    [BIG MOVE] !  BIG MOVE

  PENGU    $0.0073       24h: +2.24%     [OK]

  BCH      $437.1400     24h: +0.31%     [OK]

  BABY     $0.0163       24h: +11.51%    [BIG MOVE] !  BIG MOVE

============================================================
  No price alert thresholds crossed.

  BIG MOVES (>8% in 24h):
  OPN: $0.2010  +23.75% !! EXTREME MOVE
  EIGEN: $0.1875  +11.44% !  BIG MOVE
  BABY: $0.0163  +11.51% !  BIG MOVE
============================================================


============================================================
  YNAI5 Price Alert Check — 2026-04-16 10:51
  CoinGecko: Demo key (30 req/min)
============================================================

  OPN      $0.2010       24h: +23.75%    [BIG MOVE] !! EXTREME MOVE

  BTC      $74067.0000   24h: -0.09%     [OK]

  ETH      $2310.0900    24h: -1.14%     [OK]

  SOL      $85.2200      24h: +1.14%     [OK]

  EIGEN    $0.1875       24h: +11.44%    [BIG MOVE] !  BIG MOVE

  PENGU    $0.0073       24h: +2.24%     [OK]

  BCH      $437.1400     24h: +0.31%     [OK]

  BABY     $0.0163       24h: +11.51%    [BIG MOVE] !  BIG MOVE

============================================================
  No price alert thresholds crossed.

  BIG MOVES (>8% in 24h):
  OPN: $0.2010  +23.75% !! EXTREME MOVE
  EIGEN: $0.1875  +11.44% !  BIG MOVE
  BABY: $0.0163  +11.51% !  BIG MOVE
============================================================

