
============================================================
  YNAI5 Price Alert Check — 2026-04-02 07:26
  CoinGecko: Demo key (30 req/min)
============================================================

  OPN      $0.1812       24h: +3.09%     [OK]

  BTC      $66434.0000   24h: -3.11%     [OK]

  ETH      $2036.8900    24h: -4.55%     [OK]

  SOL      $78.7700      24h: -5.43%     [OK]

  EIGEN    $0.1548       24h: -7.34%     [OK]

  PENGU    $0.0062       24h: -5.45%     [OK]

  BCH      $443.8400     24h: -4.10%     [OK]

  BABY     $0.0139       24h: +1.02%     [OK]

============================================================
  No price alert thresholds crossed.
  Market status: normal. No action needed.
============================================================


============================================================
  YNAI5 Price Alert Check — 2026-04-02 22:00
  CoinGecko: Demo key (30 req/min)
============================================================

  OPN      $0.1917       24h: +12.20%    [BIG MOVE] !  BIG MOVE

  BTC      $66599.0000   24h: -0.95%     [OK]

  ETH      $2049.6500    24h: -2.18%     [OK]

  SOL      $79.1400      24h: -0.23%     [OK]

  EIGEN    $0.1514       24h: -5.70%     [OK]

  PENGU    $0.0062       24h: -2.64%     [OK]

  BCH      $443.9100     24h: -1.35%     [OK]

  BABY     $0.0143       24h: -2.36%     [OK]

============================================================
  No price alert thresholds crossed.

  BIG MOVES (>8% in 24h):
  OPN: $0.1917  +12.20% !  BIG MOVE
============================================================

