
============================================================
  YNAI5 Price Alert Check — 2026-04-22 08:54
  CoinGecko: Demo key (30 req/min)
============================================================

  OPN      $0.1734       24h: +4.24%     [*** ALERT ***]
           >> $0.18 — DOWN - Accumulation zone reached

  BTC      $78238.0000   24h: +3.07%     [OK]

  ETH      $2403.6800    24h: +4.29%     [OK]

  SOL      $88.5900      24h: +3.81%     [OK]

  EIGEN    $0.1903       24h: +6.89%     [OK]

  PENGU    $0.0087       24h: +12.91%    [BIG MOVE] !  BIG MOVE

  BCH      $465.5100     24h: +4.82%     [*** ALERT ***]
           >> $450 — UP   - Recovery signal, re-evaluate

  BABY     $0.0163       24h: +2.30%     [OK]

============================================================
  PRICE ALERTS FIRED: 2
  OPN: $0.1734 — DOWN - Accumulation zone reached
  BCH: $465.5100 — UP   - Recovery signal, re-evaluate

  BIG MOVES (>8% in 24h):
  PENGU: $0.0087  +12.91% !  BIG MOVE
============================================================


============================================================
  YNAI5 Price Alert Check — 2026-04-22 08:54
  CoinGecko: Demo key (30 req/min)
============================================================

  OPN      $0.1734       24h: +4.24%     [*** ALERT ***]
           >> $0.18 — DOWN - Accumulation zone reached

  BTC      $78238.0000   24h: +3.07%     [OK]

  ETH      $2403.6800    24h: +4.29%     [OK]

  SOL      $88.5900      24h: +3.81%     [OK]

  EIGEN    $0.1903       24h: +6.89%     [OK]

  PENGU    $0.0087       24h: +12.91%    [BIG MOVE] !  BIG MOVE

  BCH      $465.5100     24h: +4.82%     [*** ALERT ***]
           >> $450 — UP   - Recovery signal, re-evaluate

  BABY     $0.0163       24h: +2.30%     [OK]

============================================================
  PRICE ALERTS FIRED: 2
  OPN: $0.1734 — DOWN - Accumulation zone reached
  BCH: $465.5100 — UP   - Recovery signal, re-evaluate

  BIG MOVES (>8% in 24h):
  PENGU: $0.0087  +12.91% !  BIG MOVE
============================================================

