
============================================================
  YNAI5 Price Alert Check — 2026-04-18 10:58
  CoinGecko: Demo key (30 req/min)
============================================================

  OPN      $0.1860       24h: -5.21%     [OK]

  BTC      $76255.0000   24h: -2.18%     [OK]

  ETH      $2365.2100    24h: -3.42%     [OK]

  SOL      $86.8200      24h: -3.61%     [OK]

  EIGEN    $0.1862       24h: -9.22%     [BIG MOVE] !  BIG MOVE

  PENGU    $0.0075       24h: -7.86%     [OK]

  BCH      $447.1400     24h: -2.94%     [OK]

  BABY     $0.0162       24h: -0.14%     [OK]

============================================================
  No price alert thresholds crossed.

  BIG MOVES (>8% in 24h):
  EIGEN: $0.1862  -9.22% !  BIG MOVE
============================================================


============================================================
  YNAI5 Price Alert Check — 2026-04-18 11:03
  CoinGecko: Demo key (30 req/min)
============================================================

  OPN      $0.1855       24h: -5.04%     [OK]

  BTC      $76304.0000   24h: -1.84%     [OK]

  ETH      $2366.9500    24h: -3.05%     [OK]

  SOL      $86.9000      24h: -3.53%     [OK]

  EIGEN    $0.1864       24h: -9.18%     [BIG MOVE] !  BIG MOVE

  PENGU    $0.0075       24h: -7.63%     [OK]

  BCH      $447.5300     24h: -2.85%     [OK]

  BABY     $0.0162       24h: +0.01%     [OK]

============================================================
  No price alert thresholds crossed.

  BIG MOVES (>8% in 24h):
  EIGEN: $0.1864  -9.18% !  BIG MOVE
============================================================

