
============================================================
  YNAI5 Price Alert Check — 2026-04-09 19:40
  CoinGecko: Demo key (30 req/min)
============================================================

  OPN      $0.1686       24h: -6.97%     [*** ALERT ***]
           >> $0.18 — DOWN - Accumulation zone reached

  BTC      $71784.0000   24h: +0.99%     [OK]

  ETH      $2188.9400    24h: +0.00%     [OK]

  SOL      $83.2700      24h: +0.80%     [OK]

  EIGEN    $0.1633       24h: +2.14%     [OK]

  PENGU    $0.0066       24h: +0.81%     [OK]

  BCH      $443.2300     24h: +0.50%     [OK]

  BABY     $0.0137       24h: +2.77%     [OK]

============================================================
  PRICE ALERTS FIRED: 1
  OPN: $0.1686 — DOWN - Accumulation zone reached
============================================================


============================================================
  YNAI5 Price Alert Check — 2026-04-09 22:00
  CoinGecko: Demo key (30 req/min)
============================================================

  OPN      $0.1678       24h: -6.08%     [*** ALERT ***]
           >> $0.18 — DOWN - Accumulation zone reached

  BTC      $72173.0000   24h: +1.75%     [OK]

  ETH      $2195.7400    24h: +0.84%     [OK]

  SOL      $83.3700      24h: +1.43%     [OK]

  EIGEN    $0.1646       24h: +3.66%     [OK]

  PENGU    $0.0066       24h: +3.35%     [OK]

  BCH      $445.3100     24h: +1.04%     [OK]

  BABY     $0.0135       24h: +2.51%     [OK]

============================================================
  PRICE ALERTS FIRED: 1
  OPN: $0.1678 — DOWN - Accumulation zone reached
============================================================

