
============================================================
  YNAI5 Price Alert Check — 2026-04-06 09:24
  CoinGecko: Demo key (30 req/min)
============================================================

  OPN      $0.1879       24h: -2.19%     [OK]

  BTC      $69361.0000   24h: +3.79%     [OK]

  ETH      $2139.9500    24h: +5.32%     [OK]

  SOL      $82.2800      24h: +4.28%     [OK]

  EIGEN    $0.1592       24h: +6.92%     [OK]

  PENGU    $0.0066       24h: +8.51%     [BIG MOVE] !  BIG MOVE

  BCH      $437.5400     24h: +2.52%     [OK]

  BABY     $0.0129       24h: +2.61%     [OK]

============================================================
  No price alert thresholds crossed.

  BIG MOVES (>8% in 24h):
  PENGU: $0.0066  +8.51% !  BIG MOVE
============================================================


============================================================
  YNAI5 Price Alert Check — 2026-04-06 09:30
  CoinGecko: Demo key (30 req/min)
============================================================

  OPN      $0.1877       24h: -2.22%     [OK]

  BTC      $69440.0000   24h: +3.94%     [OK]

  ETH      $2143.2100    24h: +5.59%     [OK]

  SOL      $82.3800      24h: +4.40%     [OK]

  EIGEN    $0.1593       24h: +7.12%     [OK]

  PENGU    $0.0066       24h: +8.40%     [BIG MOVE] !  BIG MOVE

  BCH      $437.8200     24h: +2.57%     [OK]

  BABY     $0.0129       24h: +2.62%     [OK]

============================================================
  No price alert thresholds crossed.

  BIG MOVES (>8% in 24h):
  PENGU: $0.0066  +8.40% !  BIG MOVE
============================================================

