
============================================================
  YNAI5 Price Alert Check — 2026-03-24 22:32
  CoinGecko: Demo key (30 req/min)
============================================================

  OPN      $0.2142       24h: -9.70%     [BIG MOVE] !  BIG MOVE

  BTC      $70537.0000   24h: +0.04%     [OK]

  ETH      $2155.8700    24h: +0.85%     [OK]

  SOL      $90.9900      24h: +0.72%     [OK]

  EIGEN    $0.2004       24h: +3.35%     [OK]

  PENGU    $0.0071       24h: +2.83%     [OK]

  BCH      $476.9100     24h: +0.59%     [*** ALERT ***]
           >> $450 — UP   - Recovery signal, re-evaluate

  BABY     $0.0138       24h: -1.73%     [OK]

============================================================
  PRICE ALERTS FIRED: 1
  BCH: $476.9100 — UP   - Recovery signal, re-evaluate

  BIG MOVES (>8% in 24h):
  OPN: $0.2142  -9.70% !  BIG MOVE
============================================================


============================================================
  YNAI5 Price Alert Check — 2026-03-24 22:32
  CoinGecko: Demo key (30 req/min)
============================================================

  OPN      $0.2142       24h: -9.70%     [BIG MOVE] !  BIG MOVE

  BTC      $70537.0000   24h: +0.04%     [OK]

  ETH      $2155.8700    24h: +0.85%     [OK]

  SOL      $90.9900      24h: +0.72%     [OK]

  EIGEN    $0.2004       24h: +3.35%     [OK]

  PENGU    $0.0071       24h: +2.83%     [OK]

  BCH      $476.9100     24h: +0.59%     [*** ALERT ***]
           >> $450 — UP   - Recovery signal, re-evaluate

  BABY     $0.0138       24h: -1.73%     [OK]

============================================================
  PRICE ALERTS FIRED: 1
  BCH: $476.9100 — UP   - Recovery signal, re-evaluate

  BIG MOVES (>8% in 24h):
  OPN: $0.2142  -9.70% !  BIG MOVE
============================================================

