
============================================================
  YNAI5 Price Alert Check — 2026-03-28 20:09
  CoinGecko: Demo key (30 req/min)
============================================================

  OPN      $0.1898       24h: +2.60%     [OK]

  BTC      $66390.0000   24h: -0.01%     [OK]

  ETH      $1995.3600    24h: +0.20%     [OK]

  SOL      $82.0900      24h: -1.10%     [OK]

  EIGEN    $0.1693       24h: -2.83%     [OK]

  PENGU    $0.0064       24h: -1.91%     [OK]

  BCH      $480.6300     24h: +1.52%     [*** ALERT ***]
           >> $450 — UP   - Recovery signal, re-evaluate

  BABY     $0.0129       24h: +0.65%     [OK]

============================================================
  PRICE ALERTS FIRED: 1
  BCH: $480.6300 — UP   - Recovery signal, re-evaluate
============================================================


============================================================
  YNAI5 Price Alert Check — 2026-03-28 20:09
  CoinGecko: Demo key (30 req/min)
============================================================

  OPN      $0.1898       24h: +2.60%     [OK]

  BTC      $66390.0000   24h: -0.01%     [OK]

  ETH      $1995.3600    24h: +0.20%     [OK]

  SOL      $82.0900      24h: -1.10%     [OK]

  EIGEN    $0.1693       24h: -2.83%     [OK]

  PENGU    $0.0064       24h: -1.91%     [OK]

  BCH      $480.6300     24h: +1.52%     [*** ALERT ***]
           >> $450 — UP   - Recovery signal, re-evaluate

  BABY     $0.0129       24h: +0.65%     [OK]

============================================================
  PRICE ALERTS FIRED: 1
  BCH: $480.6300 — UP   - Recovery signal, re-evaluate
============================================================


============================================================
  YNAI5 Price Alert Check — 2026-03-28 22:00
  CoinGecko: Demo key (30 req/min)
============================================================

  OPN      $0.1913       24h: +3.18%     [OK]

  BTC      $66521.0000   24h: +0.55%     [OK]

  ETH      $2003.3600    24h: +0.61%     [OK]

  SOL      $82.3600      24h: -0.25%     [OK]

  EIGEN    $0.1701       24h: -1.42%     [OK]

  PENGU    $0.0064       24h: -1.29%     [OK]

  BCH      $483.3700     24h: +2.12%     [*** ALERT ***]
           >> $450 — UP   - Recovery signal, re-evaluate

  BABY     $0.0129       24h: +2.27%     [OK]

============================================================
  PRICE ALERTS FIRED: 1
  BCH: $483.3700 — UP   - Recovery signal, re-evaluate
============================================================

