
============================================================
  YNAI5 Price Alert Check — 2026-04-05 08:00
  CoinGecko: Demo key (30 req/min)
============================================================

  OPN      $0.1910       24h: -0.51%     [OK]

  BTC      $66983.0000   24h: -0.24%     [OK]

  ETH      $2041.7500    24h: -0.52%     [OK]

  SOL      $79.8800      24h: -0.38%     [OK]

  EIGEN    $0.1506       24h: -1.43%     [OK]

  PENGU    $0.0061       24h: -2.13%     [OK]

  BCH      $432.9300     24h: -2.16%     [OK]

  BABY     $0.0124       24h: -9.38%     [BIG MOVE] !  BIG MOVE

============================================================
  No price alert thresholds crossed.

  BIG MOVES (>8% in 24h):
  BABY: $0.0124  -9.38% !  BIG MOVE
============================================================


============================================================
  YNAI5 Price Alert Check — 2026-04-05 17:24
  CoinGecko: Demo key (30 req/min)
============================================================

  OPN      $0.1887       24h: -1.17%     [OK]

  BTC      $67466.0000   24h: +0.31%     [OK]

  ETH      $2059.8900    24h: -0.27%     [OK]

  SOL      $79.8000      24h: -1.30%     [OK]

  EIGEN    $0.1499       24h: -1.56%     [OK]

  PENGU    $0.0061       24h: -3.11%     [OK]

  BCH      $424.5900     24h: -3.88%     [OK]

  BABY     $0.0124       24h: -3.89%     [OK]

============================================================
  No price alert thresholds crossed.
  Market status: normal. No action needed.
============================================================

