
============================================================
  YNAI5 Price Alert Check — 2026-04-08 21:24
  CoinGecko: Demo key (30 req/min)
============================================================

  OPN      $0.1784       24h: -7.29%     [*** ALERT ***]
           >> $0.18 — DOWN - Accumulation zone reached

  BTC      $70525.0000   24h: -1.45%     [OK]

  ETH      $2167.1800    24h: -2.99%     [OK]

  SOL      $81.8800      24h: -3.14%     [OK]

  EIGEN    $0.1583       24h: -4.18%     [OK]

  PENGU    $0.0064       24h: -5.91%     [OK]

  BCH      $440.8700     24h: -0.47%     [OK]

  BABY     $0.0133       24h: +1.16%     [OK]

============================================================
  PRICE ALERTS FIRED: 1
  OPN: $0.1784 — DOWN - Accumulation zone reached
============================================================


============================================================
  YNAI5 Price Alert Check — 2026-04-08 21:24
  CoinGecko: Demo key (30 req/min)
============================================================

  OPN      $0.1784       24h: -7.29%     [*** ALERT ***]
           >> $0.18 — DOWN - Accumulation zone reached

  BTC      $70525.0000   24h: -1.45%     [OK]

  ETH      $2167.1800    24h: -2.99%     [OK]

  SOL      $81.8800      24h: -3.14%     [OK]

  EIGEN    $0.1583       24h: -4.18%     [OK]

  PENGU    $0.0064       24h: -5.91%     [OK]

  BCH      $440.8700     24h: -0.47%     [OK]

  BABY     $0.0133       24h: +1.16%     [OK]

============================================================
  PRICE ALERTS FIRED: 1
  OPN: $0.1784 — DOWN - Accumulation zone reached
============================================================


============================================================
  YNAI5 Price Alert Check — 2026-04-08 22:00
  CoinGecko: Demo key (30 req/min)
============================================================

  OPN      $0.1786       24h: -7.27%     [*** ALERT ***]
           >> $0.18 — DOWN - Accumulation zone reached

  BTC      $70923.0000   24h: -0.79%     [OK]

  ETH      $2177.4200    24h: -2.62%     [OK]

  SOL      $82.1900      24h: -2.90%     [OK]

  EIGEN    $0.1588       24h: -4.53%     [OK]

  PENGU    $0.0064       24h: -6.38%     [OK]

  BCH      $440.8500     24h: -0.51%     [OK]

  BABY     $0.0132       24h: +0.18%     [OK]

============================================================
  PRICE ALERTS FIRED: 1
  OPN: $0.1786 — DOWN - Accumulation zone reached
============================================================

