
============================================================
  YNAI5 Price Alert Check — 2026-04-13 08:00
  CoinGecko: Demo key (30 req/min)
============================================================

  OPN      $0.1548       24h: -3.18%     [*** ALERT ***]
           >> $0.18 — DOWN - Accumulation zone reached

  BTC      $70942.0000   24h: -0.77%     [OK]

  ETH      $2188.0900    24h: -0.78%     [OK]

  SOL      $81.8700      24h: -0.44%     [OK]

  EIGEN    $0.1541       24h: -0.97%     [OK]

  PENGU    $0.0065       24h: -1.08%     [OK]

  BCH      $425.9100     24h: +0.05%     [OK]

  BABY     $0.0140       24h: -3.16%     [OK]

============================================================
  PRICE ALERTS FIRED: 1
  OPN: $0.1548 — DOWN - Accumulation zone reached
============================================================


============================================================
  YNAI5 Price Alert Check — 2026-04-13 22:00
  CoinGecko: Demo key (30 req/min)
============================================================

  OPN      $0.1605       24h: +2.92%     [*** ALERT ***]
           >> $0.18 — DOWN - Accumulation zone reached

  BTC      $74388.0000   24h: +4.47%     [OK]

  ETH      $2369.5800    24h: +7.53%     [OK]

  SOL      $86.0300      24h: +4.53%     [OK]

  EIGEN    $0.1642       24h: +6.23%     [OK]

  PENGU    $0.0070       24h: +6.68%     [OK]

  BCH      $436.0600     24h: +2.76%     [OK]

  BABY     $0.0145       24h: +0.83%     [OK]

============================================================
  PRICE ALERTS FIRED: 1
  OPN: $0.1605 — DOWN - Accumulation zone reached
============================================================

