
============================================================
  YNAI5 Price Alert Check — 2026-04-12 03:59
  CoinGecko: Demo key (30 req/min)
============================================================

  OPN      $0.1596       24h: -5.59%     [*** ALERT ***]
           >> $0.18 — DOWN - Accumulation zone reached

  BTC      $71747.0000   24h: -1.35%     [OK]

  ETH      $2220.2800    24h: -0.56%     [OK]

  SOL      $82.3400      24h: -2.20%     [OK]

  EIGEN    $0.1558       24h: -5.30%     [OK]

  PENGU    $0.0066       24h: -0.32%     [OK]

  BCH      $425.3400     24h: -3.41%     [OK]

  BABY     $0.0141       24h: -2.62%     [OK]

============================================================
  PRICE ALERTS FIRED: 1
  OPN: $0.1596 — DOWN - Accumulation zone reached
============================================================


============================================================
  YNAI5 Price Alert Check — 2026-04-12 08:00
  CoinGecko: Demo key (30 req/min)
============================================================

  OPN      $0.1600       24h: -6.48%     [*** ALERT ***]
           >> $0.18 — DOWN - Accumulation zone reached

  BTC      $71491.0000   24h: -2.00%     [OK]

  ETH      $2205.2600    24h: -1.81%     [OK]

  SOL      $82.2500      24h: -2.36%     [OK]

  EIGEN    $0.1556       24h: -5.00%     [OK]

  PENGU    $0.0066       24h: -2.18%     [OK]

  BCH      $425.7000     24h: -3.31%     [OK]

  BABY     $0.0145       24h: -0.51%     [OK]

============================================================
  PRICE ALERTS FIRED: 1
  OPN: $0.1600 — DOWN - Accumulation zone reached
============================================================


============================================================
  YNAI5 Price Alert Check — 2026-04-12 22:00
  CoinGecko: Demo key (30 req/min)
============================================================

  OPN      $0.1557       24h: -6.91%     [*** ALERT ***]
           >> $0.18 — DOWN - Accumulation zone reached

  BTC      $71201.0000   24h: -0.64%     [OK]

  ETH      $2203.9500    24h: -0.72%     [OK]

  SOL      $82.3000      24h: -0.02%     [OK]

  EIGEN    $0.1546       24h: -2.45%     [OK]

  PENGU    $0.0066       24h: -2.12%     [OK]

  BCH      $424.2800     24h: -0.59%     [OK]

  BABY     $0.0144       24h: +0.03%     [OK]

============================================================
  PRICE ALERTS FIRED: 1
  OPN: $0.1557 — DOWN - Accumulation zone reached
============================================================

