
============================================================
  YNAI5 Price Alert Check — 2026-03-29 08:00
  CoinGecko: Demo key (30 req/min)
============================================================

  OPN      $0.1900       24h: -3.97%     [OK]

  BTC      $66774.0000   24h: +0.75%     [OK]

  ETH      $2002.8500    24h: +0.32%     [OK]

  SOL      $82.5500      24h: -0.47%     [OK]

  EIGEN    $0.1700       24h: -2.27%     [OK]

  PENGU    $0.0063       24h: -2.04%     [OK]

  BCH      $482.1300     24h: +0.93%     [*** ALERT ***]
           >> $450 — UP   - Recovery signal, re-evaluate

  BABY     $0.0127       24h: -1.50%     [OK]

============================================================
  PRICE ALERTS FIRED: 1
  BCH: $482.1300 — UP   - Recovery signal, re-evaluate
============================================================


============================================================
  YNAI5 Price Alert Check — 2026-03-29 22:00
  CoinGecko: Demo key (30 req/min)
============================================================

  OPN      $0.2049       24h: +7.35%     [OK]

  BTC      $66579.0000   24h: +0.07%     [OK]

  ETH      $2008.4100    24h: +0.26%     [OK]

  SOL      $82.6600      24h: +0.36%     [OK]

  EIGEN    $0.1709       24h: +0.49%     [OK]

  PENGU    $0.0064       24h: +0.20%     [OK]

  BCH      $455.3000     24h: -5.81%     [*** ALERT ***]
           >> $450 — UP   - Recovery signal, re-evaluate

  BABY     $0.0135       24h: +4.37%     [OK]

============================================================
  PRICE ALERTS FIRED: 1
  BCH: $455.3000 — UP   - Recovery signal, re-evaluate
============================================================

